<?xml version="1.0" encoding="UTF-8"?>
<!-- Generated by org.testng.reporters.JUnitReportReporter -->
<testsuite skipped="0" hostname="PUGWSGH716S1VJ" name="com.whirlpool.ppta.qa.testcases.LoginPageTest" tests="2" failures="0" timestamp="08 Jun 2019 08:14:25 GMT" time="24.380" errors="0">
  <testcase name="loginPageTitleTest" time="6.799" classname="com.whirlpool.ppta.qa.testcases.LoginPageTest"/>
  <testcase name="loginTest" time="17.581" classname="com.whirlpool.ppta.qa.testcases.LoginPageTest"/>
</testsuite> <!-- com.whirlpool.ppta.qa.testcases.LoginPageTest -->
