<?xml version="1.0" encoding="UTF-8"?>
<!-- Generated by org.testng.reporters.JUnitReportReporter -->
<testsuite skipped="0" hostname="PUGLCND5434G3C" name="com.whirlpool.windchillautomation.qa.testcases.LoginTest" tests="1" failures="0" timestamp="14 Jun 2019 07:42:11 GMT" time="27.190" errors="0">
  <testcase name="NewPart1" time="27.190" classname="com.whirlpool.windchillautomation.qa.testcases.LoginTest"/>
</testsuite> <!-- com.whirlpool.windchillautomation.qa.testcases.LoginTest -->
