<?xml version="1.0" encoding="UTF-8"?>
<!-- Generated by org.testng.reporters.JUnitReportReporter -->
<testsuite skipped="0" hostname="PUGLCND5270BHC" name="com.whirlpool.windchillautomation.qa.testcases.LoginTest" tests="1" failures="0" timestamp="11 Jun 2019 11:35:11 GMT" time="18.177" errors="0">
  <testcase name="NewPart" time="18.177" classname="com.whirlpool.windchillautomation.qa.testcases.LoginTest"/>
</testsuite> <!-- com.whirlpool.windchillautomation.qa.testcases.LoginTest -->
