<?xml version="1.0" encoding="UTF-8"?>
<!-- Generated by org.testng.reporters.JUnitReportReporter -->
<testsuite skipped="0" hostname="PUGWSGH716S1VJ" name="com.whirlpool.ppta.qa.testcases.HomePageTest" tests="2" failures="0" timestamp="10 Jun 2019 06:21:30 GMT" time="67.021" errors="0">
  <testcase name="validateHomePageTitleTest" time="31.992" classname="com.whirlpool.ppta.qa.testcases.HomePageTest"/>
  <testcase name="DropDownPageTest" time="35.029" classname="com.whirlpool.ppta.qa.testcases.HomePageTest"/>
</testsuite> <!-- com.whirlpool.ppta.qa.testcases.HomePageTest -->
