<?xml version="1.0" encoding="UTF-8"?>
<!-- Generated by org.testng.reporters.JUnitReportReporter -->
<testsuite skipped="0" hostname="PUGWSGH716S1VJ" name="com.TestProject.qa.testcases.HomePageTest" tests="4" failures="0" timestamp="06 Jun 2019 06:13:05 GMT" time="180.959" errors="0">
  <testcase name="validateHomePageTitleTest" time="29.276" classname="com.TestProject.qa.testcases.HomePageTest"/>
  <testcase name="selectDropDownValuesTest" time="54.631" classname="com.TestProject.qa.testcases.HomePageTest"/>
  <testcase name="selectDropDownValuesTest" time="50.783" classname="com.TestProject.qa.testcases.HomePageTest"/>
  <testcase name="navigatetoprojectPageTest" time="46.269" classname="com.TestProject.qa.testcases.HomePageTest"/>
</testsuite> <!-- com.TestProject.qa.testcases.HomePageTest -->
