<?xml version="1.0" encoding="UTF-8"?>
<!-- Generated by org.testng.reporters.JUnitReportReporter -->
<testsuite skipped="0" hostname="PUGWSGH716S1VJ" name="com.TestProject.qa.testcases.LoginPageTest" tests="2" failures="0" timestamp="06 Jun 2019 12:11:53 GMT" time="35.059" errors="0">
  <testcase name="loginPageTitleTest" time="12.832" classname="com.TestProject.qa.testcases.LoginPageTest"/>
  <testcase name="loginTest" time="22.227" classname="com.TestProject.qa.testcases.LoginPageTest"/>
</testsuite> <!-- com.TestProject.qa.testcases.LoginPageTest -->
