<?xml version="1.0" encoding="UTF-8"?>
<!-- Generated by org.testng.reporters.JUnitReportReporter -->
<testsuite skipped="0" hostname="PUGWSGH716S1VJ" name="com.whirlpool.ppta.qa.testcases.ProjectHomePageTest" tests="2" failures="0" timestamp="10 Jun 2019 07:33:03 GMT" time="22.563" errors="0">
  <testcase name="getTitle" time="0.008" classname="com.whirlpool.ppta.qa.testcases.ProjectHomePageTest"/>
  <testcase name="DropDownPageTest" time="22.555" classname="com.whirlpool.ppta.qa.testcases.ProjectHomePageTest"/>
</testsuite> <!-- com.whirlpool.ppta.qa.testcases.ProjectHomePageTest -->
